[ 2013-05-15T00:00:52+08:00 ] ERR: (ThinkException) Ф≈═ФЁ∙Е┼═Х╫╫Ф╗║Е²≈:images
[ 2013-05-15T00:00:52+08:00 ] ERR: (ThinkException) Ф≈═ФЁ∙Е┼═Х╫╫Ф╗║Е²≈:images
[ 2013-05-15T00:01:09+08:00 ] ERR: (ThinkException) Ф≈═ФЁ∙Е┼═Х╫╫Ф╗║Е²≈:images
[ 2013-05-15T00:01:09+08:00 ] ERR: (ThinkException) Ф≈═ФЁ∙Е┼═Х╫╫Ф╗║Е²≈:images
[ 2013-05-15T00:01:15+08:00 ] ERR: (ThinkException) Ф≈═ФЁ∙Е┼═Х╫╫Ф╗║Е²≈:images
[ 2013-05-15T00:01:15+08:00 ] ERR: (ThinkException) Ф≈═ФЁ∙Е┼═Х╫╫Ф╗║Е²≈:images
[ 2013-05-15T00:02:00+08:00 ] ERR: (ThinkException) Ф≈═ФЁ∙Е┼═Х╫╫Ф╗║Е²≈:images
[ 2013-05-15T00:02:00+08:00 ] ERR: (ThinkException) Ф≈═ФЁ∙Е┼═Х╫╫Ф╗║Е²≈:images
[ 2013-05-15T00:02:18+08:00 ] ERR: (ThinkException) Ф≈═ФЁ∙Е┼═Х╫╫Ф╗║Е²≈:images
[ 2013-05-15T00:02:18+08:00 ] ERR: (ThinkException) Ф≈═ФЁ∙Е┼═Х╫╫Ф╗║Е²≈:images
[ 2013-05-15T00:02:32+08:00 ] ERR: (ThinkException) Ф≈═ФЁ∙Е┼═Х╫╫Ф╗║Е²≈:images
[ 2013-05-15T00:02:32+08:00 ] ERR: (ThinkException) Ф≈═ФЁ∙Е┼═Х╫╫Ф╗║Е²≈:images
[ 2013-05-15T00:05:23+08:00 ] ERR: (ThinkException) Ф≈═ФЁ∙Е┼═Х╫╫Ф╗║Е²≈:images
[ 2013-05-15T00:05:49+08:00 ] ERR: (ThinkException) Ф≈═ФЁ∙Е┼═Х╫╫Ф╗║Е²≈:images
[ 2013-05-15T00:07:26+08:00 ] ERR: (ThinkException) Ф≈═ФЁ∙Е┼═Х╫╫Ф╗║Е²≈:images
[ 2013-05-15T00:07:31+08:00 ] ERR: (ThinkException) Ф≈═ФЁ∙Е┼═Х╫╫Ф╗║Е²≈:images
[ 2013-05-15T00:12:04+08:00 ] ERR: (ThinkException) Ф≈═ФЁ∙Е┼═Х╫╫Ф╗║Е²≈:images
[ 2013-05-15T00:12:04+08:00 ] ERR: (ThinkException) Ф≈═ФЁ∙Е┼═Х╫╫Ф╗║Е²≈:images
[ 2013-05-15T00:12:28+08:00 ] ERR: (ThinkException) Ф≈═ФЁ∙Е┼═Х╫╫Ф╗║Е²≈:images
[ 2013-05-15T00:12:28+08:00 ] ERR: (ThinkException) Ф≈═ФЁ∙Е┼═Х╫╫Ф╗║Е²≈:images
[ 2013-05-15T00:12:28+08:00 ] ERR: (ThinkException) Ф≈═ФЁ∙Е┼═Х╫╫Ф╗║Е²≈:images
[ 2013-05-15T00:12:28+08:00 ] ERR: (ThinkException) Ф≈═ФЁ∙Е┼═Х╫╫Ф╗║Е²≈:images
[ 2013-05-15T00:12:28+08:00 ] ERR: (ThinkException) Ф≈═ФЁ∙Е┼═Х╫╫Ф╗║Е²≈:images
[ 2013-05-15T00:12:59+08:00 ] ERR: (ThinkException) Ф≈═ФЁ∙Е┼═Х╫╫Ф╗║Е²≈:images
[ 2013-05-15T00:12:59+08:00 ] ERR: (ThinkException) Ф≈═ФЁ∙Е┼═Х╫╫Ф╗║Е²≈:images
[ 2013-05-15T00:12:59+08:00 ] ERR: (ThinkException) Ф≈═ФЁ∙Е┼═Х╫╫Ф╗║Е²≈:images
[ 2013-05-15T00:23:51+08:00 ] ERR: (ThinkException) Ф≈═ФЁ∙Е┼═Х╫╫Ф╗║Е²≈:images
[ 2013-05-15T00:30:08+08:00 ] ERR: (ThinkException) Ф≈═ФЁ∙Е┼═Х╫╫Ф╗║Е²≈:images
[ 2013-05-15T00:34:44+08:00 ] ERR: (ThinkException) Ф≈═ФЁ∙Е┼═Х╫╫Ф╗║Е²≈:images
[ 2013-05-15T00:36:04+08:00 ] ERR: (ThinkException) Ф≈═ФЁ∙Е┼═Х╫╫Ф╗║Е²≈:images
[ 2013-05-15T00:38:00+08:00 ] ERR: (ThinkException) Ф≈═ФЁ∙Е┼═Х╫╫Ф╗║Е²≈:images
[ 2013-05-15T00:39:49+08:00 ] ERR: (ThinkException) Ф≈═ФЁ∙Е┼═Х╫╫Ф╗║Е²≈:images
[ 2013-05-15T00:51:12+08:00 ] ERR: (ThinkException) Ф≈═ФЁ∙Е┼═Х╫╫Ф╗║Е²≈:images
[ 2013-05-15T00:51:22+08:00 ] ERR: (ThinkException) Ф≈═ФЁ∙Е┼═Х╫╫Ф╗║Е²≈:images
[ 2013-05-15T00:51:35+08:00 ] ERR: (ThinkException) Ф≈═ФЁ∙Е┼═Х╫╫Ф╗║Е²≈:images
[ 2013-05-15T00:52:27+08:00 ] ERR: (ThinkException) Ф≈═ФЁ∙Е┼═Х╫╫Ф╗║Е²≈:images
[ 2013-05-15T00:53:45+08:00 ] ERR: (ThinkException) Ф≈═ФЁ∙Е┼═Х╫╫Ф╗║Е²≈:images
[ 2013-05-15T00:53:46+08:00 ] ERR: (ThinkException) Ф≈═ФЁ∙Е┼═Х╫╫Ф╗║Е²≈:images
[ 2013-05-15T00:53:53+08:00 ] ERR: (ThinkException) Ф≈═ФЁ∙Е┼═Х╫╫Ф╗║Е²≈:images
[ 2013-05-15T00:53:53+08:00 ] ERR: (ThinkException) Ф≈═ФЁ∙Е┼═Х╫╫Ф╗║Е²≈:images
[ 2013-05-15T00:55:02+08:00 ] ERR: (ThinkException) Ф≈═ФЁ∙Е┼═Х╫╫Ф╗║Е²≈:images
[ 2013-05-15T00:55:04+08:00 ] ERR: (ThinkException) Ф≈═ФЁ∙Е┼═Х╫╫Ф╗║Е²≈:images
[ 2013-05-15T01:09:17+08:00 ] ERR: (ThinkException) Ф≈═ФЁ∙Е┼═Х╫╫Ф╗║Е²≈:images
[ 2013-05-15T01:09:34+08:00 ] ERR: (ThinkException) Ф≈═ФЁ∙Е┼═Х╫╫Ф╗║Е²≈:images
[ 2013-05-15T01:14:58+08:00 ] ERR: (ThinkException) Ф≈═ФЁ∙Е┼═Х╫╫Ф╗║Е²≈:images
[ 2013-05-15T01:15:06+08:00 ] ERR: (ThinkException) Ф≈═ФЁ∙Е┼═Х╫╫Ф╗║Е²≈:images
[ 2013-05-15T01:16:43+08:00 ] ERR: (ThinkException) Ф≈═ФЁ∙Е┼═Х╫╫Ф╗║Е²≈:images
[ 2013-05-15T01:16:57+08:00 ] ERR: (ThinkException) Ф≈═ФЁ∙Е┼═Х╫╫Ф╗║Е²≈:images
[ 2013-05-15T01:18:41+08:00 ] ERR: (ThinkException) Ф≈═ФЁ∙Е┼═Х╫╫Ф╗║Е²≈:images
[ 2013-05-15T01:19:10+08:00 ] ERR: (ThinkException) Ф≈═ФЁ∙Е┼═Х╫╫Ф╗║Е²≈:images
[ 2013-05-15T01:19:10+08:00 ] ERR: (ThinkException) Ф≈═ФЁ∙Е┼═Х╫╫Ф╗║Е²≈:images
[ 2013-05-15T01:19:13+08:00 ] ERR: (ThinkException) Ф≈═ФЁ∙Е┼═Х╫╫Ф╗║Е²≈:images
[ 2013-05-15T01:19:13+08:00 ] ERR: (ThinkException) Ф≈═ФЁ∙Е┼═Х╫╫Ф╗║Е²≈:images
[ 2013-05-15T01:19:19+08:00 ] ERR: (ThinkException) Ф≈═ФЁ∙Е┼═Х╫╫Ф╗║Е²≈:images
[ 2013-05-15T02:03:46+08:00 ] ERR: (ThinkException) Ф≈═ФЁ∙Е┼═Х╫╫Ф╗║Е²≈:images
[ 2013-05-15T02:03:49+08:00 ] ERR: (ThinkException) Ф≈═ФЁ∙Е┼═Х╫╫Ф╗║Е²≈:images
[ 2013-05-15T03:14:37+08:00 ] ERR: (ThinkException) Ф≈═ФЁ∙Е┼═Х╫╫Ф╗║Е²≈:images
[ 2013-05-15T03:15:04+08:00 ] ERR: (ThinkException) Ф≈═ФЁ∙Е┼═Х╫╫Ф╗║Е²≈:images
[ 2013-05-15T03:15:05+08:00 ] ERR: (ThinkException) Ф≈═ФЁ∙Е┼═Х╫╫Ф╗║Е²≈:images
[ 2013-05-15T03:15:10+08:00 ] ERR: (ThinkException) Ф≈═ФЁ∙Е┼═Х╫╫Ф╗║Е²≈:images
[ 2013-05-15T03:15:45+08:00 ] ERR: (ThinkException) И²·ФЁ∙Ф⌠█Д╫°:app
[ 2013-05-15T08:06:08+08:00 ] ERR: (ThinkException) Ф≈═ФЁ∙Е┼═Х╫╫Ф╗║Е²≈:images
[ 2013-05-15T08:06:15+08:00 ] ERR: (ThinkException) Ф≈═ФЁ∙Е┼═Х╫╫Ф╗║Е²≈:images
[ 2013-05-15T08:06:17+08:00 ] ERR: (ThinkException) Ф≈═ФЁ∙Е┼═Х╫╫Ф╗║Е²≈:images
[ 2013-05-15T08:06:18+08:00 ] ERR: (ThinkException) Ф≈═ФЁ∙Е┼═Х╫╫Ф╗║Е²≈:images
[ 2013-05-15T08:06:18+08:00 ] ERR: (ThinkException) Ф≈═ФЁ∙Е┼═Х╫╫Ф╗║Е²≈:images
[ 2013-05-15T08:07:03+08:00 ] ERR: (ThinkException) Ф≈═ФЁ∙Е┼═Х╫╫Ф╗║Е²≈:images
[ 2013-05-15T08:07:06+08:00 ] ERR: (ThinkException) Ф≈═ФЁ∙Е┼═Х╫╫Ф╗║Е²≈:images
[ 2013-05-15T08:07:54+08:00 ] ERR: (ThinkException) php_network_getaddresses: getaddrinfo failed: ╡╩ж╙╣юуБяЫ╣джВ╩З║ё 
[ 2013-05-15T08:08:01+08:00 ] ERR: (ThinkException) php_network_getaddresses: getaddrinfo failed: ╡╩ж╙╣юуБяЫ╣джВ╩З║ё 
[ 2013-05-15T08:08:21+08:00 ] ERR: (ThinkException) сисзд©╠Й╪фкЦ╩З╩Щ╪╚╬э╬Ьё╛нч╥╗а╛╫с║ё

[ 2013-05-15T08:08:24+08:00 ] ERR: (ThinkException) сисзд©╠Й╪фкЦ╩З╩Щ╪╚╬э╬Ьё╛нч╥╗а╛╫с║ё

[ 2013-05-15T08:08:29+08:00 ] ERR: (ThinkException) сисзд©╠Й╪фкЦ╩З╩Щ╪╚╬э╬Ьё╛нч╥╗а╛╫с║ё

[ 2013-05-15T08:09:57+08:00 ] ERR: (ThinkException) сисзд©╠Й╪фкЦ╩З╩Щ╪╚╬э╬Ьё╛нч╥╗а╛╫с║ё

[ 2013-05-15T08:09:59+08:00 ] ERR: (ThinkException) сисзд©╠Й╪фкЦ╩З╩Щ╪╚╬э╬Ьё╛нч╥╗а╛╫с║ё

[ 2013-05-15T08:32:20+08:00 ] ERR: (ThinkException) сисзд©╠Й╪фкЦ╩З╩Щ╪╚╬э╬Ьё╛нч╥╗а╛╫с║ё

[ 2013-05-15T08:37:31+08:00 ] ERR: (ThinkException) сисзд©╠Й╪фкЦ╩З╩Щ╪╚╬э╬Ьё╛нч╥╗а╛╫с║ё

[ 2013-05-15T09:06:14+08:00 ] ERR: (ThinkException) Ф≈═ФЁ∙Е┼═Х╫╫Ф╗║Е²≈:images
[ 2013-05-15T09:06:17+08:00 ] ERR: (ThinkException) Ф≈═ФЁ∙Е┼═Х╫╫Ф╗║Е²≈:images
[ 2013-05-15T09:06:17+08:00 ] ERR: (ThinkException) Ф≈═ФЁ∙Е┼═Х╫╫Ф╗║Е²≈:images
[ 2013-05-15T09:06:27+08:00 ] ERR: (ThinkException) Ф≈═ФЁ∙Е┼═Х╫╫Ф╗║Е²≈:images
[ 2013-05-15T09:07:35+08:00 ] ERR: (ThinkException) сисзд©╠Й╪фкЦ╩З╩Щ╪╚╬э╬Ьё╛нч╥╗а╛╫с║ё

[ 2013-05-15T09:07:44+08:00 ] ERR: (ThinkException) сисзд©╠Й╪фкЦ╩З╩Щ╪╚╬э╬Ьё╛нч╥╗а╛╫с║ё

[ 2013-05-15T09:08:04+08:00 ] ERR: (ThinkException) сисзд©╠Й╪фкЦ╩З╩Щ╪╚╬э╬Ьё╛нч╥╗а╛╫с║ё

[ 2013-05-15T09:08:28+08:00 ] ERR: (ThinkException) сисзд©╠Й╪фкЦ╩З╩Щ╪╚╬э╬Ьё╛нч╥╗а╛╫с║ё

[ 2013-05-15T09:08:33+08:00 ] ERR: (ThinkException) сисзд©╠Й╪фкЦ╩З╩Щ╪╚╬э╬Ьё╛нч╥╗а╛╫с║ё

[ 2013-05-15T09:09:31+08:00 ] ERR: (ThinkException) сисзд©╠Й╪фкЦ╩З╩Щ╪╚╬э╬Ьё╛нч╥╗а╛╫с║ё

[ 2013-05-15T09:09:50+08:00 ] ERR: (ThinkException) сисзд©╠Й╪фкЦ╩З╩Щ╪╚╬э╬Ьё╛нч╥╗а╛╫с║ё

[ 2013-05-15T09:10:01+08:00 ] ERR: (ThinkException) сисзд©╠Й╪фкЦ╩З╩Щ╪╚╬э╬Ьё╛нч╥╗а╛╫с║ё

[ 2013-05-15T09:10:03+08:00 ] ERR: (ThinkException) сисзд©╠Й╪фкЦ╩З╩Щ╪╚╬э╬Ьё╛нч╥╗а╛╫с║ё

[ 2013-05-15T09:12:03+08:00 ] ERR: (ThinkException) сисзд©╠Й╪фкЦ╩З╩Щ╪╚╬э╬Ьё╛нч╥╗а╛╫с║ё

[ 2013-05-15T09:12:25+08:00 ] ERR: (ThinkException) сисзд©╠Й╪фкЦ╩З╩Щ╪╚╬э╬Ьё╛нч╥╗а╛╫с║ё

[ 2013-05-15T09:12:42+08:00 ] ERR: (ThinkException) сисзд©╠Й╪фкЦ╩З╩Щ╪╚╬э╬Ьё╛нч╥╗а╛╫с║ё

[ 2013-05-15T09:13:29+08:00 ] ERR: (ThinkException) MySQL server has gone away
[ 2013-05-15T09:14:00+08:00 ] ERR: (ThinkException) сисзд©╠Й╪фкЦ╩З╩Щ╪╚╬э╬Ьё╛нч╥╗а╛╫с║ё

[ 2013-05-15T09:14:50+08:00 ] ERR: (ThinkException) сисзд©╠Й╪фкЦ╩З╩Щ╪╚╬э╬Ьё╛нч╥╗а╛╫с║ё

[ 2013-05-15T09:15:31+08:00 ] ERR: (ThinkException) сисзд©╠Й╪фкЦ╩З╩Щ╪╚╬э╬Ьё╛нч╥╗а╛╫с║ё

[ 2013-05-15T09:16:04+08:00 ] ERR: (ThinkException) сисзд©╠Й╪фкЦ╩З╩Щ╪╚╬э╬Ьё╛нч╥╗а╛╫с║ё

[ 2013-05-15T09:17:47+08:00 ] ERR: (ThinkException) сисзд©╠Й╪фкЦ╩З╩Щ╪╚╬э╬Ьё╛нч╥╗а╛╫с║ё

[ 2013-05-15T09:18:07+08:00 ] ERR: (ThinkException) сисзд©╠Й╪фкЦ╩З╩Щ╪╚╬э╬Ьё╛нч╥╗а╛╫с║ё

[ 2013-05-15T09:19:22+08:00 ] ERR: (ThinkException) сисзд©╠Й╪фкЦ╩З╩Щ╪╚╬э╬Ьё╛нч╥╗а╛╫с║ё

[ 2013-05-15T09:20:03+08:00 ] ERR: (ThinkException) сисзд©╠Й╪фкЦ╩З╩Щ╪╚╬э╬Ьё╛нч╥╗а╛╫с║ё

[ 2013-05-15T09:20:53+08:00 ] ERR: (ThinkException) сисзд©╠Й╪фкЦ╩З╩Щ╪╚╬э╬Ьё╛нч╥╗а╛╫с║ё

[ 2013-05-15T09:21:04+08:00 ] ERR: (ThinkException) сисзд©╠Й╪фкЦ╩З╩Щ╪╚╬э╬Ьё╛нч╥╗а╛╫с║ё

[ 2013-05-15T09:21:14+08:00 ] ERR: (ThinkException) сисзд©╠Й╪фкЦ╩З╩Щ╪╚╬э╬Ьё╛нч╥╗а╛╫с║ё

[ 2013-05-15T09:21:28+08:00 ] ERR: (ThinkException) сисзд©╠Й╪фкЦ╩З╩Щ╪╚╬э╬Ьё╛нч╥╗а╛╫с║ё

[ 2013-05-15T09:22:01+08:00 ] ERR: (ThinkException) сисзд©╠Й╪фкЦ╩З╩Щ╪╚╬э╬Ьё╛нч╥╗а╛╫с║ё

[ 2013-05-15T09:24:52+08:00 ] ERR: (ThinkException) сисзд©╠Й╪фкЦ╩З╩Щ╪╚╬э╬Ьё╛нч╥╗а╛╫с║ё

[ 2013-05-15T09:25:29+08:00 ] ERR: (ThinkException) сисзд©╠Й╪фкЦ╩З╩Щ╪╚╬э╬Ьё╛нч╥╗а╛╫с║ё

[ 2013-05-15T09:30:38+08:00 ] ERR: (ThinkException) сисзд©╠Й╪фкЦ╩З╩Щ╪╚╬э╬Ьё╛нч╥╗а╛╫с║ё

[ 2013-05-15T09:30:48+08:00 ] ERR: (ThinkException) сисзд©╠Й╪фкЦ╩З╩Щ╪╚╬э╬Ьё╛нч╥╗а╛╫с║ё

[ 2013-05-15T09:31:08+08:00 ] ERR: (ThinkException) сисзд©╠Й╪фкЦ╩З╩Щ╪╚╬э╬Ьё╛нч╥╗а╛╫с║ё

[ 2013-05-15T09:31:29+08:00 ] ERR: (ThinkException) сисзд©╠Й╪фкЦ╩З╩Щ╪╚╬э╬Ьё╛нч╥╗а╛╫с║ё

[ 2013-05-15T09:31:39+08:00 ] ERR: (ThinkException) сисзд©╠Й╪фкЦ╩З╩Щ╪╚╬э╬Ьё╛нч╥╗а╛╫с║ё

[ 2013-05-15T09:31:52+08:00 ] ERR: (ThinkException) сисзд©╠Й╪фкЦ╩З╩Щ╪╚╬э╬Ьё╛нч╥╗а╛╫с║ё

[ 2013-05-15T09:33:00+08:00 ] ERR: (ThinkException) сисзд©╠Й╪фкЦ╩З╩Щ╪╚╬э╬Ьё╛нч╥╗а╛╫с║ё

[ 2013-05-15T13:46:43+08:00 ] ERR: (ThinkException) MySQL server has gone away
[ 2013-05-15T13:46:48+08:00 ] ERR: (ThinkException) сисзд©╠Й╪фкЦ╩З╩Щ╪╚╬э╬Ьё╛нч╥╗а╛╫с║ё

[ 2013-05-15T14:16:10+08:00 ] ERR: (ThinkException) сисзд©╠Й╪фкЦ╩З╩Щ╪╚╬э╬Ьё╛нч╥╗а╛╫с║ё

[ 2013-05-15T14:17:47+08:00 ] ERR: (ThinkException) сисзд©╠Й╪фкЦ╩З╩Щ╪╚╬э╬Ьё╛нч╥╗а╛╫с║ё

[ 2013-05-15T14:18:11+08:00 ] ERR: (ThinkException) сисзд©╠Й╪фкЦ╩З╩Щ╪╚╬э╬Ьё╛нч╥╗а╛╫с║ё

[ 2013-05-15T14:20:58+08:00 ] ERR: (ThinkException) сисзд©╠Й╪фкЦ╩З╩Щ╪╚╬э╬Ьё╛нч╥╗а╛╫с║ё

[ 2013-05-15T14:23:01+08:00 ] ERR: (ThinkException) сисзд©╠Й╪фкЦ╩З╩Щ╪╚╬э╬Ьё╛нч╥╗а╛╫с║ё

[ 2013-05-15T14:26:11+08:00 ] ERR: (ThinkException) сисзд©╠Й╪фкЦ╩З╩Щ╪╚╬э╬Ьё╛нч╥╗а╛╫с║ё

[ 2013-05-15T14:34:07+08:00 ] ERR: (ThinkException) сисзд©╠Й╪фкЦ╩З╩Щ╪╚╬э╬Ьё╛нч╥╗а╛╫с║ё

[ 2013-05-15T14:42:23+08:00 ] ERR: (ThinkException) Ф≈═ФЁ∙Е┼═Х╫╫Ф╗║Е²≈:images
[ 2013-05-15T14:42:36+08:00 ] ERR: (ThinkException) Ф≈═ФЁ∙Е┼═Х╫╫Ф╗║Е²≈:images
[ 2013-05-15T14:42:36+08:00 ] ERR: (ThinkException) Ф≈═ФЁ∙Е┼═Х╫╫Ф╗║Е²≈:images
[ 2013-05-15T14:42:39+08:00 ] ERR: (ThinkException) Ф≈═ФЁ∙Е┼═Х╫╫Ф╗║Е²≈:images
[ 2013-05-15T14:42:39+08:00 ] ERR: (ThinkException) Ф≈═ФЁ∙Е┼═Х╫╫Ф╗║Е²≈:images
[ 2013-05-15T14:42:43+08:00 ] ERR: (ThinkException) Ф≈═ФЁ∙Е┼═Х╫╫Ф╗║Е²≈:images
[ 2013-05-15T14:42:43+08:00 ] ERR: (ThinkException) Ф≈═ФЁ∙Е┼═Х╫╫Ф╗║Е²≈:images
[ 2013-05-15T14:42:45+08:00 ] ERR: (ThinkException) Ф≈═ФЁ∙Е┼═Х╫╫Ф╗║Е²≈:images
[ 2013-05-15T14:42:45+08:00 ] ERR: (ThinkException) Ф≈═ФЁ∙Е┼═Х╫╫Ф╗║Е²≈:images
[ 2013-05-15T14:42:48+08:00 ] ERR: (ThinkException) Ф≈═ФЁ∙Е┼═Х╫╫Ф╗║Е²≈:images
[ 2013-05-15T14:42:53+08:00 ] ERR: (ThinkException) Ф≈═ФЁ∙Е┼═Х╫╫Ф╗║Е²≈:images
[ 2013-05-15T14:42:53+08:00 ] ERR: (ThinkException) Ф≈═ФЁ∙Е┼═Х╫╫Ф╗║Е²≈:images
[ 2013-05-15T14:42:53+08:00 ] ERR: (ThinkException) Ф≈═ФЁ∙Е┼═Х╫╫Ф╗║Е²≈:images
[ 2013-05-15T14:42:53+08:00 ] ERR: (ThinkException) Ф≈═ФЁ∙Е┼═Х╫╫Ф╗║Е²≈:images
[ 2013-05-15T14:43:02+08:00 ] ERR: (ThinkException) Ф≈═ФЁ∙Е┼═Х╫╫Ф╗║Е²≈:images
[ 2013-05-15T14:43:11+08:00 ] ERR: (ThinkException) Ф≈═ФЁ∙Е┼═Х╫╫Ф╗║Е²≈:images
[ 2013-05-15T14:51:30+08:00 ] ERR: (ThinkException) Ф≈═ФЁ∙Е┼═Х╫╫Ф╗║Е²≈:images
[ 2013-05-15T14:51:37+08:00 ] ERR: (ThinkException) Ф≈═ФЁ∙Е┼═Х╫╫Ф╗║Е²≈:images
[ 2013-05-15T14:51:50+08:00 ] ERR: (ThinkException) Ф≈═ФЁ∙Е┼═Х╫╫Ф╗║Е²≈:images
[ 2013-05-15T14:52:31+08:00 ] ERR: (ThinkException) Ф≈═ФЁ∙Е┼═Х╫╫Ф╗║Е²≈:images
[ 2013-05-15T15:11:31+08:00 ] ERR: (ThinkException) Ф≈═ФЁ∙Е┼═Х╫╫Ф╗║Е²≈:images
[ 2013-05-15T18:01:21+08:00 ] ERR: (ThinkException) Ф≈═ФЁ∙Е┼═Х╫╫Ф╗║Е²≈:images
[ 2013-05-15T18:04:54+08:00 ] ERR: (ThinkException) Ф≈═ФЁ∙Е┼═Х╫╫Ф╗║Е²≈:images
[ 2013-05-15T18:05:46+08:00 ] ERR: (ThinkException) Ф≈═ФЁ∙Е┼═Х╫╫Ф╗║Е²≈:images
[ 2013-05-15T18:25:38+08:00 ] ERR: (ThinkException) Ф≈═ФЁ∙Е┼═Х╫╫Ф╗║Е²≈:images
[ 2013-05-15T18:25:55+08:00 ] ERR: (ThinkException) Ф≈═ФЁ∙Е┼═Х╫╫Ф╗║Е²≈:images
[ 2013-05-15T18:25:55+08:00 ] ERR: (ThinkException) Ф≈═ФЁ∙Е┼═Х╫╫Ф╗║Е²≈:images
[ 2013-05-15T18:25:57+08:00 ] ERR: (ThinkException) Ф≈═ФЁ∙Е┼═Х╫╫Ф╗║Е²≈:images
[ 2013-05-15T18:25:57+08:00 ] ERR: (ThinkException) Ф≈═ФЁ∙Е┼═Х╫╫Ф╗║Е²≈:images
[ 2013-05-15T18:26:12+08:00 ] ERR: (ThinkException) Ф≈═ФЁ∙Е┼═Х╫╫Ф╗║Е²≈:images
[ 2013-05-15T18:34:59+08:00 ] ERR: (ThinkException) Model:cФ┌╗Ф┴─Х╞╥Ф╠┌Г └Ф√╧ФЁ∙Д╦█Е╜≤Е°╗О╪│
[ 2013-05-15T18:43:24+08:00 ] ERR: (ThinkException) Ф≈═ФЁ∙Е┼═Х╫╫Ф╗║Е²≈:images
[ 2013-05-15T20:58:16+08:00 ] ERR: (ThinkException) сисзд©╠Й╪фкЦ╩З╩Щ╪╚╬э╬Ьё╛нч╥╗а╛╫с║ё

[ 2013-05-15T21:25:55+08:00 ] ERR: (ThinkException) сисзд©╠Й╪фкЦ╩З╩Щ╪╚╬э╬Ьё╛нч╥╗а╛╫с║ё

[ 2013-05-15T21:26:20+08:00 ] ERR: (ThinkException) сисзд©╠Й╪фкЦ╩З╩Щ╪╚╬э╬Ьё╛нч╥╗а╛╫с║ё

[ 2013-05-15T21:30:57+08:00 ] ERR: (ThinkException) сисзд©╠Й╪фкЦ╩З╩Щ╪╚╬э╬Ьё╛нч╥╗а╛╫с║ё

[ 2013-05-15T21:31:04+08:00 ] ERR: (ThinkException) сисзд©╠Й╪фкЦ╩З╩Щ╪╚╬э╬Ьё╛нч╥╗а╛╫с║ё

[ 2013-05-15T21:31:33+08:00 ] ERR: (ThinkException) Ф≈═ФЁ∙Е┼═Х╫╫Ф╗║Е²≈:images
[ 2013-05-15T21:33:24+08:00 ] ERR: (ThinkException) Ф≈═ФЁ∙Е┼═Х╫╫Ф╗║Е²≈:images
[ 2013-05-15T21:33:51+08:00 ] ERR: (ThinkException) Ф≈═ФЁ∙Е┼═Х╫╫Ф╗║Е²≈:images
[ 2013-05-15T21:33:51+08:00 ] ERR: (ThinkException) Ф≈═ФЁ∙Е┼═Х╫╫Ф╗║Е²≈:images
[ 2013-05-15T21:34:08+08:00 ] ERR: (ThinkException) Ф≈═ФЁ∙Е┼═Х╫╫Ф╗║Е²≈:images
[ 2013-05-15T21:34:08+08:00 ] ERR: (ThinkException) Ф≈═ФЁ∙Е┼═Х╫╫Ф╗║Е²≈:images
[ 2013-05-15T21:34:08+08:00 ] ERR: (ThinkException) Ф≈═ФЁ∙Е┼═Х╫╫Ф╗║Е²≈:images
[ 2013-05-15T21:39:36+08:00 ] ERR: (ThinkException) сисзд©╠Й╪фкЦ╩З╩Щ╪╚╬э╬Ьё╛нч╥╗а╛╫с║ё

[ 2013-05-15T21:50:39+08:00 ] ERR: (ThinkException) Ф≈═ФЁ∙Е┼═Х╫╫Ф╗║Е²≈:images
[ 2013-05-15T21:50:40+08:00 ] ERR: (ThinkException) Ф≈═ФЁ∙Е┼═Х╫╫Ф╗║Е²≈:images
[ 2013-05-15T21:50:41+08:00 ] ERR: (ThinkException) Ф≈═ФЁ∙Е┼═Х╫╫Ф╗║Е²≈:images
[ 2013-05-15T21:50:43+08:00 ] ERR: (ThinkException) Ф≈═ФЁ∙Е┼═Х╫╫Ф╗║Е²≈:images
[ 2013-05-15T21:50:50+08:00 ] ERR: (ThinkException) Ф≈═ФЁ∙Е┼═Х╫╫Ф╗║Е²≈:images
[ 2013-05-15T22:38:11+08:00 ] ERR: (ThinkException) Ф≈═ФЁ∙Е┼═Х╫╫Ф╗║Е²≈:images
[ 2013-05-15T23:10:12+08:00 ] ERR: (ThinkException) сисзд©╠Й╪фкЦ╩З╩Щ╪╚╬э╬Ьё╛нч╥╗а╛╫с║ё

[ 2013-05-15T23:30:53+08:00 ] ERR: (ThinkException) Ф≈═ФЁ∙Е┼═Х╫╫Ф╗║Е²≈:images
[ 2013-05-15T23:32:23+08:00 ] ERR: (ThinkException) Ф≈═ФЁ∙Е┼═Х╫╫Ф╗║Е²≈:images
[ 2013-05-15T23:32:23+08:00 ] ERR: (ThinkException) Ф≈═ФЁ∙Е┼═Х╫╫Ф╗║Е²≈:images
[ 2013-05-15T23:33:09+08:00 ] ERR: (ThinkException) Ф≈═ФЁ∙Е┼═Х╫╫Ф╗║Е²≈:images
